<?xml version="1.0" encoding="UTF-8"?>
<!-- Generated by org.testng.reporters.JUnitReportReporter -->
<testsuite hostname="RCBAN0238" failures="0" tests="3" name="com.RestAssured.TC_07_Post_ReqRes_CreateUser_DDD" time="4.024" errors="0" timestamp="10 Feb 2023 08:57:20 GMT" skipped="0">
  <testcase classname="com.RestAssured.TC_07_Post_ReqRes_CreateUser_DDD" name="verifyCreateUserTest" time="2.608"/>
  <testcase classname="com.RestAssured.TC_07_Post_ReqRes_CreateUser_DDD" name="verifyCreateUserTest" time="0.760"/>
  <testcase classname="com.RestAssured.TC_07_Post_ReqRes_CreateUser_DDD" name="verifyCreateUserTest" time="0.656"/>
</testsuite> <!-- com.RestAssured.TC_07_Post_ReqRes_CreateUser_DDD -->
